0 info it worked if it ends with ok
1 verbose cli [ '/usr/local/Cellar/node/5.6.0/bin/node',
1 verbose cli   '/usr/local/bin/npm',
1 verbose cli   'publish' ]
2 info using npm@3.6.0
3 info using node@v5.6.0
4 verbose publish [ '.' ]
5 silly cache add args [ '.', null ]
6 verbose cache add spec .
7 silly cache add parsed spec Result {
7 silly cache add   raw: '.',
7 silly cache add   scope: null,
7 silly cache add   name: null,
7 silly cache add   rawSpec: '.',
7 silly cache add   spec: '/Users/holger.schauf/Sites/react-list-scroll-bound',
7 silly cache add   type: 'directory' }
8 verbose addLocalDirectory /Users/holger.schauf/.npm/react-list-scroll-bound/0.14.1/package.tgz not in flight; packing
9 verbose correctMkdir /Users/holger.schauf/.npm correctMkdir not in flight; initializing
10 info lifecycle react-list-scroll-bound@0.14.1~prepublish: react-list-scroll-bound@0.14.1
11 silly lifecycle react-list-scroll-bound@0.14.1~prepublish: no script for prepublish, continuing
12 verbose tar pack [ '/Users/holger.schauf/.npm/react-list-scroll-bound/0.14.1/package.tgz',
12 verbose tar pack   '/Users/holger.schauf/Sites/react-list-scroll-bound' ]
13 verbose tarball /Users/holger.schauf/.npm/react-list-scroll-bound/0.14.1/package.tgz
14 verbose folder /Users/holger.schauf/Sites/react-list-scroll-bound
15 verbose addLocalTarball adding from inside cache /Users/holger.schauf/.npm/react-list-scroll-bound/0.14.1/package.tgz
16 verbose correctMkdir /Users/holger.schauf/.npm correctMkdir not in flight; initializing
17 silly cache afterAdd react-list-scroll-bound@0.14.1
18 verbose afterAdd /Users/holger.schauf/.npm/react-list-scroll-bound/0.14.1/package/package.json not in flight; writing
19 verbose correctMkdir /Users/holger.schauf/.npm correctMkdir not in flight; initializing
20 verbose afterAdd /Users/holger.schauf/.npm/react-list-scroll-bound/0.14.1/package/package.json written
21 silly publish { name: 'react-list-scroll-bound',
21 silly publish   version: '0.14.1',
21 silly publish   description: 'prevent body scrolling, if list border reached, to get a better experience',
21 silly publish   main: 'index.js',
21 silly publish   repository:
21 silly publish    { type: 'git',
21 silly publish      url: 'git+https://github.com/fluse/react-list-scroll-bound.git' },
21 silly publish   keywords: [ 'React', 'scrolling', 'prevent body', 'list', 'react-component' ],
21 silly publish   author: { name: 'Holger Schauf' },
21 silly publish   license: 'MIT',
21 silly publish   bugs: { url: 'https://github.com/fluse/react-list-scroll-bound/issues' },
21 silly publish   scripts: { test: 'mocha' },
21 silly publish   homepage: 'https://github.com/fluse/react-list-scroll-bound',
21 silly publish   peerDependencies: { react: '^0.14.7', 'react-dom': '^0.14.7' },
21 silly publish   readme: '# react-list-scroll-bound\nprevent body scrolling, if list border reached, to get a better experience\n\nthis is an react ES6 component\n\n## install\n\n```\n> npm install react-list-scroll-bound --save\n```\n\n\n## how to use\n\n```jsx\n\n<ListScrollBound className="my-list">\n    {this.getListPoints()}\n</ListScrollBound>\n\n```\n\n### set html tag\n\ndefault tagName is `<ul>`\n\n```jsx\n\n<ListScrollBound tagName="div" className="my-list">\n    {this.getListPoints()}\n</ListScrollBound>\n\n```\n\n### set more propTypes\n\nall given properties will set on the given ListScrollBound element, with\n\n`{...this.props}`\n\nso you can set all what you want and need\n\n```jsx\n\n<ListScrollBound tagName="div" className="my-list" onChange onClick>\n    {this.getListPoints()}\n</ListScrollBound>\n\n```\n',
21 silly publish   readmeFilename: 'README.md',
21 silly publish   gitHead: 'aa2faf6bff2bfa826547441f25d85cef5e313f4e',
21 silly publish   _id: 'react-list-scroll-bound@0.14.1',
21 silly publish   _shasum: '81b4a2e01fb94a3f29c19b5bd263b0fc76dd82bf',
21 silly publish   _from: '.' }
22 verbose getPublishConfig undefined
23 silly mapToRegistry name react-list-scroll-bound
24 silly mapToRegistry using default registry
25 silly mapToRegistry registry https://registry.npmjs.org/
26 silly mapToRegistry uri https://registry.npmjs.org/react-list-scroll-bound
27 verbose publish registryBase https://registry.npmjs.org/
28 silly publish uploading /Users/holger.schauf/.npm/react-list-scroll-bound/0.14.1/package.tgz
29 verbose request uri https://registry.npmjs.org/react-list-scroll-bound
30 verbose request sending authorization for write operation
31 info attempt registry request try #1 at 10:05:20
32 verbose request using bearer token for auth
33 verbose request id 13c6029e0d427fb6
34 http request PUT https://registry.npmjs.org/react-list-scroll-bound
35 http 403 https://registry.npmjs.org/react-list-scroll-bound
36 verbose headers { 'content-type': 'application/json',
36 verbose headers   'cache-control': 'max-age=300',
36 verbose headers   'content-length': '96',
36 verbose headers   'accept-ranges': 'bytes',
36 verbose headers   date: 'Thu, 12 May 2016 08:05:21 GMT',
36 verbose headers   via: '1.1 varnish',
36 verbose headers   connection: 'keep-alive',
36 verbose headers   'x-served-by': 'cache-fra1227-FRA',
36 verbose headers   'x-cache': 'MISS',
36 verbose headers   'x-cache-hits': '0',
36 verbose headers   'x-timer': 'S1463040320.029154,VS0,VE1040',
36 verbose headers   vary: 'Accept-Encoding' }
37 verbose request invalidating /Users/holger.schauf/.npm/registry.npmjs.org/react-list-scroll-bound on PUT
38 error publish Failed PUT 403
39 verbose stack Error: "You cannot publish over the previously published version 0.14.1." : react-list-scroll-bound
39 verbose stack     at makeError (/usr/local/lib/node_modules/npm/node_modules/npm-registry-client/lib/request.js:264:12)
39 verbose stack     at CachingRegistryClient.<anonymous> (/usr/local/lib/node_modules/npm/node_modules/npm-registry-client/lib/request.js:252:14)
39 verbose stack     at Request._callback (/usr/local/lib/node_modules/npm/node_modules/npm-registry-client/lib/request.js:172:14)
39 verbose stack     at Request.self.callback (/usr/local/lib/node_modules/npm/node_modules/request/request.js:198:22)
39 verbose stack     at emitTwo (events.js:100:13)
39 verbose stack     at Request.emit (events.js:185:7)
39 verbose stack     at Request.<anonymous> (/usr/local/lib/node_modules/npm/node_modules/request/request.js:1035:10)
39 verbose stack     at emitOne (events.js:95:20)
39 verbose stack     at Request.emit (events.js:182:7)
39 verbose stack     at IncomingMessage.<anonymous> (/usr/local/lib/node_modules/npm/node_modules/request/request.js:962:12)
40 verbose statusCode 403
41 verbose pkgid react-list-scroll-bound
42 verbose cwd /Users/holger.schauf/Sites/react-list-scroll-bound
43 error Darwin 14.5.0
44 error argv "/usr/local/Cellar/node/5.6.0/bin/node" "/usr/local/bin/npm" "publish"
45 error node v5.6.0
46 error npm  v3.6.0
47 error code E403
48 error "You cannot publish over the previously published version 0.14.1." : react-list-scroll-bound
49 error If you need help, you may report this error at:
49 error     <https://github.com/npm/npm/issues>
50 verbose exit [ 1, true ]
